
Showing logs for build [32mcb-kubecd-environment-pr-169-17-ghl57-1[0m stage [32mfrom-build-pack[0m and container [32mstep-credential-initializer-ldgt6[0m
{"level":"warn","ts":1582930680.4354076,"logger":"fallback-logger","caller":"logging/config.go:69","msg":"Fetch GitHub commit ID from kodata failed: \"ref: refs/heads/0.8.0-**-support-backwards-incompats\" is not a valid GitHub commit ID"}
{"level":"info","ts":1582930680.4382672,"logger":"fallback-logger","caller":"creds-init/main.go:40","msg":"Credentials initialized."}

Showing logs for build [32mcb-kubecd-environment-pr-169-17-ghl57-1[0m stage [32mfrom-build-pack[0m and container [32mstep-working-dir-initializer-279fj[0m
{"level":"warn","ts":1582930681.9925985,"logger":"fallback-logger","caller":"logging/config.go:69","msg":"Fetch GitHub commit ID from kodata failed: open /var/run/ko/HEAD: no such file or directory"}
{"level":"info","ts":1582930681.9967191,"logger":"fallback-logger","caller":"bash/main.go:64","msg":"Successfully executed command \"sh -c mkdir -p /workspace/source\"; output "}

Showing logs for build [32mcb-kubecd-environment-pr-169-17-ghl57-1[0m stage [32mfrom-build-pack[0m and container [32mstep-place-tools[0m

Showing logs for build [32mcb-kubecd-environment-pr-169-17-ghl57-1[0m stage [32mfrom-build-pack[0m and container [32mstep-git-source-cb-kubecd-environment-pr-169-17-ghl57-h6rbq[0m
{"level":"warn","ts":1582930687.253555,"logger":"fallback-logger","caller":"logging/config.go:69","msg":"Fetch GitHub commit ID from kodata failed: \"ref: refs/heads/0.8.0-**-support-backwards-incompats\" is not a valid GitHub commit ID"}
{"level":"info","ts":1582930688.3878644,"logger":"fallback-logger","caller":"git/git.go:103","msg":"Successfully cloned https://github.com/cb-kubecd/environment-pr-169-17-boot-gke-staging.git @ master in path /workspace/source"}

Showing logs for build [32mcb-kubecd-environment-pr-169-17-ghl57-1[0m stage [32mfrom-build-pack[0m and container [32mstep-git-merge[0m
Using SHAs from PULL_REFS=master:2ff88fa769a3ef6cabc3338e9045531a90417e5f,3:0d7ed1b355c07374c16f752a554e16ca47ee7c38
DEBUG: JX_LOG_LEVEL=error LC_ALL=C git fetch origin --unshallow 0d7ed1b355c07374c16f752a554e16ca47ee7c38: 2ff88fa769a3ef6cabc3338e9045531a90417e5f:
DEBUG: ran git fetch --unshallow origin 0d7ed1b355c07374c16f752a554e16ca47ee7c38: 2ff88fa769a3ef6cabc3338e9045531a90417e5f: in 
DEBUG: LC_ALL=C JX_LOG_LEVEL=error git branch
DEBUG: LC_ALL=C JX_LOG_LEVEL=error git checkout master
DEBUG: ran git checkout master in 
DEBUG: JX_LOG_LEVEL=error LC_ALL=C git reset --hard 2ff88fa769a3ef6cabc3338e9045531a90417e5f
DEBUG: ran git reset --hard 2ff88fa769a3ef6cabc3338e9045531a90417e5f in 
DEBUG: LC_ALL=C JX_LOG_LEVEL=error git clean -fd .
DEBUG: ran clean --force -d . in 
DEBUG: LC_ALL=C JX_LOG_LEVEL=error git merge 0d7ed1b355c07374c16f752a554e16ca47ee7c38
DEBUG: ran git merge 0d7ed1b355c07374c16f752a554e16ca47ee7c38 in 
DEBUG: LC_ALL=C JX_LOG_LEVEL=error git log --format=%H%x1f%an%x1f%ae%x1f%cn%x1f%ce%x1f%s%n%b%x1e 2ff88fa769a3ef6cabc3338e9045531a90417e5f..HEAD
Merged SHA 0d7ed1b355c07374c16f752a554e16ca47ee7c38 with commit message 'chore: Promote bdd-gh-1582929718 to version 0.0.1' into base branch master

Showing logs for build [32mcb-kubecd-environment-pr-169-17-ghl57-1[0m stage [32mfrom-build-pack[0m and container [32mstep-build-helm-build[0m
WARNING: No $CHART_REPOSITORY defined so using the default value of: http://jenkins-x-chartmuseum:8080
Adding missing Helm repo: storage.googleapis.com https://storage.googleapis.com/chartmuseum.jenkins-x.io
WARNING: No secrets found on "helm/repos" due: reading the secret "helm/repos" from vault: no secret "helm/repos" not found in vault
Read credentials for https://storage.googleapis.com/chartmuseum.jenkins-x.io from vault helm/repos
Successfully added Helm repository storage.googleapis.com.
Adding missing Helm repo: jenkins-x-chartmuseum http://jenkins-x-chartmuseum:8080
WARNING: No secrets found on "helm/repos" due: reading the secret "helm/repos" from vault: no secret "helm/repos" not found in vault
Read credentials for http://jenkins-x-chartmuseum:8080 from vault helm/repos
Successfully added Helm repository jenkins-x-chartmuseum.
WARNING: No $CHART_REPOSITORY defined so using the default value of: http://jenkins-x-chartmuseum:8080
Adding missing Helm repo: chartmuseum.jenkins-x.io http://chartmuseum.jenkins-x.io
WARNING: No secrets found on "helm/repos" due: reading the secret "helm/repos" from vault: no secret "helm/repos" not found in vault
Read credentials for http://chartmuseum.jenkins-x.io from vault helm/repos
Successfully added Helm repository chartmuseum.jenkins-x.io.
